<html>
<body>
<pre>
<h1>Build Log</h1>
<h3>
--------------------Configuration: 1061.1 - Win32 Debug--------------------
</h3>
<h3>Command Lines</h3>
Creating temporary file "C:\Users\ADMINI~1\AppData\Local\Temp\RSPC5E6.tmp" with contents
[
/nologo /MLd /W3 /Gm /GX /ZI /Od /D "WIN32" /D "_DEBUG" /D "_CONSOLE" /D "_MBCS" /Fp"Debug/1061.1.pch" /YX /Fo"Debug/" /Fd"Debug/" /FD /GZ /c 
"E:\c\北大\1061.1.c"
]
Creating command line "cl.exe @C:\Users\ADMINI~1\AppData\Local\Temp\RSPC5E6.tmp" 
Creating temporary file "C:\Users\ADMINI~1\AppData\Local\Temp\RSPC5E7.tmp" with contents
[
kernel32.lib user32.lib gdi32.lib winspool.lib comdlg32.lib advapi32.lib shell32.lib ole32.lib oleaut32.lib uuid.lib odbc32.lib odbccp32.lib /nologo /subsystem:console /incremental:yes /pdb:"Debug/1061.1.pdb" /debug /machine:I386 /out:"Debug/1061.1.exe" /pdbtype:sept 
".\Debug\1061.1.obj"
]
Creating command line "link.exe @C:\Users\ADMINI~1\AppData\Local\Temp\RSPC5E7.tmp"
<h3>Output Window</h3>
Compiling...
1061.1.c
E:\c\北大\1061.1.c(7) : error C2143: syntax error : missing ')' before '&'
E:\c\北大\1061.1.c(7) : error C2143: syntax error : missing '{' before '&'
E:\c\北大\1061.1.c(7) : error C2059: syntax error : '&'
E:\c\北大\1061.1.c(7) : error C2059: syntax error : ')'
E:\c\北大\1061.1.c(19) : warning C4013: 'exgcd' undefined; assuming extern returning int
Error executing cl.exe.



<h3>Results</h3>
1061.1.exe - 4 error(s), 1 warning(s)
</pre>
</body>
</html>
